<?xml version="1.0" encoding="UTF-8"?>
<testsuite xmlns:xsi="http://www.w3.org/2001/XMLSchema-instance" xsi:noNamespaceSchemaLocation="https://maven.apache.org/surefire/maven-surefire-plugin/xsd/surefire-test-report-3.0.xsd" version="3.0" name="com.sksamuel.kotest.example.allure.SquareTest" time="0.023" tests="2" errors="0" skipped="0" failures="0">
  <properties>
    <property name="java.specification.version" value="17"/>
    <property name="sun.jnu.encoding" value="UTF-8"/>
    <property name="java.class.path" value="/Users/teixemi2/ondeck/kotest-allure-maven/target/test-classes:/Users/teixemi2/ondeck/kotest-allure-maven/target/classes:/Users/teixemi2/.m2/repository/io/kotest/kotest-runner-junit5-jvm/5.9.1/kotest-runner-junit5-jvm-5.9.1.jar:/Users/teixemi2/.m2/repository/io/kotest/kotest-framework-api-jvm/5.9.1/kotest-framework-api-jvm-5.9.1.jar:/Users/teixemi2/.m2/repository/io/kotest/kotest-assertions-shared-jvm/5.9.1/kotest-assertions-shared-jvm-5.9.1.jar:/Users/teixemi2/.m2/repository/io/github/java-diff-utils/java-diff-utils/4.12/java-diff-utils-4.12.jar:/Users/teixemi2/.m2/repository/org/jetbrains/kotlinx/kotlinx-coroutines-test-jvm/1.8.0/kotlinx-coroutines-test-jvm-1.8.0.jar:/Users/teixemi2/.m2/repository/io/kotest/kotest-common-jvm/5.9.1/kotest-common-jvm-5.9.1.jar:/Users/teixemi2/.m2/repository/io/kotest/kotest-framework-engine-jvm/5.9.1/kotest-framework-engine-jvm-5.9.1.jar:/Users/teixemi2/.m2/repository/io/github/classgraph/classgraph/4.8.172/classgraph-4.8.172.jar:/Users/teixemi2/.m2/repository/com/github/ajalt/mordant/1.2.1/mordant-1.2.1.jar:/Users/teixemi2/.m2/repository/com/github/ajalt/colormath/1.2.0/colormath-1.2.0.jar:/Users/teixemi2/.m2/repository/org/opentest4j/opentest4j/1.3.0/opentest4j-1.3.0.jar:/Users/teixemi2/.m2/repository/org/jetbrains/kotlinx/kotlinx-coroutines-debug/1.8.0/kotlinx-coroutines-debug-1.8.0.jar:/Users/teixemi2/.m2/repository/net/java/dev/jna/jna/5.9.0/jna-5.9.0.jar:/Users/teixemi2/.m2/repository/net/java/dev/jna/jna-platform/5.9.0/jna-platform-5.9.0.jar:/Users/teixemi2/.m2/repository/net/bytebuddy/byte-buddy/1.10.9/byte-buddy-1.10.9.jar:/Users/teixemi2/.m2/repository/net/bytebuddy/byte-buddy-agent/1.10.9/byte-buddy-agent-1.10.9.jar:/Users/teixemi2/.m2/repository/io/kotest/kotest-framework-discovery-jvm/5.9.1/kotest-framework-discovery-jvm-5.9.1.jar:/Users/teixemi2/.m2/repository/io/kotest/kotest-assertions-core-jvm/5.9.1/kotest-assertions-core-jvm-5.9.1.jar:/Users/teixemi2/.m2/repository/org/jetbrains/kotlinx/kotlinx-coroutines-jdk8/1.8.0/kotlinx-coroutines-jdk8-1.8.0.jar:/Users/teixemi2/.m2/repository/io/kotest/kotest-assertions-api-jvm/5.9.1/kotest-assertions-api-jvm-5.9.1.jar:/Users/teixemi2/.m2/repository/io/kotest/kotest-extensions-jvm/5.9.1/kotest-extensions-jvm-5.9.1.jar:/Users/teixemi2/.m2/repository/io/kotest/kotest-framework-concurrency-jvm/5.9.1/kotest-framework-concurrency-jvm-5.9.1.jar:/Users/teixemi2/.m2/repository/org/jetbrains/kotlinx/kotlinx-coroutines-core-jvm/1.8.0/kotlinx-coroutines-core-jvm-1.8.0.jar:/Users/teixemi2/.m2/repository/org/jetbrains/annotations/23.0.0/annotations-23.0.0.jar:/Users/teixemi2/.m2/repository/org/junit/platform/junit-platform-engine/1.8.2/junit-platform-engine-1.8.2.jar:/Users/teixemi2/.m2/repository/org/junit/platform/junit-platform-commons/1.8.2/junit-platform-commons-1.8.2.jar:/Users/teixemi2/.m2/repository/org/apiguardian/apiguardian-api/1.1.2/apiguardian-api-1.1.2.jar:/Users/teixemi2/.m2/repository/org/junit/platform/junit-platform-suite-api/1.8.2/junit-platform-suite-api-1.8.2.jar:/Users/teixemi2/.m2/repository/org/junit/platform/junit-platform-launcher/1.8.2/junit-platform-launcher-1.8.2.jar:/Users/teixemi2/.m2/repository/org/junit/jupiter/junit-jupiter-api/5.8.2/junit-jupiter-api-5.8.2.jar:/Users/teixemi2/.m2/repository/org/jetbrains/kotlin/kotlin-stdlib/1.9.23/kotlin-stdlib-1.9.23.jar:/Users/teixemi2/.m2/repository/org/jetbrains/kotlin/kotlin-reflect/1.9.23/kotlin-reflect-1.9.23.jar:/Users/teixemi2/.m2/repository/io/kotest/kotest-framework-datatest/5.9.1/kotest-framework-datatest-5.9.1.jar:/Users/teixemi2/.m2/repository/io/kotest/kotest-framework-datatest-jvm/5.9.1/kotest-framework-datatest-jvm-5.9.1.jar:/Users/teixemi2/.m2/repository/io/kotest/extensions/kotest-extensions-allure/1.4.0/kotest-extensions-allure-1.4.0.jar:/Users/teixemi2/.m2/repository/io/qameta/allure/allure-java-commons/2.24.0/allure-java-commons-2.24.0.jar:/Users/teixemi2/.m2/repository/org/slf4j/slf4j-api/1.7.36/slf4j-api-1.7.36.jar:/Users/teixemi2/.m2/repository/io/qameta/allure/allure-model/2.24.0/allure-model-2.24.0.jar:/Users/teixemi2/.m2/repository/javax/xml/bind/jaxb-api/2.3.1/jaxb-api-2.3.1.jar:/Users/teixemi2/.m2/repository/javax/activation/javax.activation-api/1.2.0/javax.activation-api-1.2.0.jar:/Users/teixemi2/.m2/repository/com/sun/xml/bind/jaxb-core/4.0.4/jaxb-core-4.0.4.jar:/Users/teixemi2/.m2/repository/jakarta/xml/bind/jakarta.xml.bind-api/4.0.1/jakarta.xml.bind-api-4.0.1.jar:/Users/teixemi2/.m2/repository/jakarta/activation/jakarta.activation-api/2.1.2/jakarta.activation-api-2.1.2.jar:/Users/teixemi2/.m2/repository/org/eclipse/angus/angus-activation/2.0.1/angus-activation-2.0.1.jar:/Users/teixemi2/.m2/repository/com/sun/xml/bind/jaxb-impl/4.0.4/jaxb-impl-4.0.4.jar:/Users/teixemi2/.m2/repository/org/jetbrains/kotlin/kotlin-stdlib-jdk8/1.9.23/kotlin-stdlib-jdk8-1.9.23.jar:/Users/teixemi2/.m2/repository/org/jetbrains/kotlin/kotlin-stdlib-jdk7/1.9.23/kotlin-stdlib-jdk7-1.9.23.jar:/Users/teixemi2/.m2/repository/org/jetbrains/kotlin/kotlin-test/1.9.23/kotlin-test-1.9.23.jar:"/>
    <property name="java.vm.vendor" value="Homebrew"/>
    <property name="sun.arch.data.model" value="64"/>
    <property name="java.vendor.url" value="https://github.com/Homebrew/homebrew-core/issues"/>
    <property name="user.timezone" value="Europe/Lisbon"/>
    <property name="os.name" value="Mac OS X"/>
    <property name="java.vm.specification.version" value="17"/>
    <property name="sun.java.launcher" value="SUN_STANDARD"/>
    <property name="user.country" value="PT"/>
    <property name="sun.boot.library.path" value="/opt/homebrew/Cellar/openjdk@17/17.0.12/libexec/openjdk.jdk/Contents/Home/lib"/>
    <property name="sun.java.command" value="/Users/teixemi2/ondeck/kotest-allure-maven/target/surefire/surefirebooter-20240925161408459_3.jar /Users/teixemi2/ondeck/kotest-allure-maven/target/surefire 2024-09-25T16-14-08_366-jvmRun1 surefire-20240925161408459_1tmp surefire_0-20240925161408459_2tmp"/>
    <property name="jdk.debug" value="release"/>
    <property name="surefire.test.class.path" value="/Users/teixemi2/ondeck/kotest-allure-maven/target/test-classes:/Users/teixemi2/ondeck/kotest-allure-maven/target/classes:/Users/teixemi2/.m2/repository/io/kotest/kotest-runner-junit5-jvm/5.9.1/kotest-runner-junit5-jvm-5.9.1.jar:/Users/teixemi2/.m2/repository/io/kotest/kotest-framework-api-jvm/5.9.1/kotest-framework-api-jvm-5.9.1.jar:/Users/teixemi2/.m2/repository/io/kotest/kotest-assertions-shared-jvm/5.9.1/kotest-assertions-shared-jvm-5.9.1.jar:/Users/teixemi2/.m2/repository/io/github/java-diff-utils/java-diff-utils/4.12/java-diff-utils-4.12.jar:/Users/teixemi2/.m2/repository/org/jetbrains/kotlinx/kotlinx-coroutines-test-jvm/1.8.0/kotlinx-coroutines-test-jvm-1.8.0.jar:/Users/teixemi2/.m2/repository/io/kotest/kotest-common-jvm/5.9.1/kotest-common-jvm-5.9.1.jar:/Users/teixemi2/.m2/repository/io/kotest/kotest-framework-engine-jvm/5.9.1/kotest-framework-engine-jvm-5.9.1.jar:/Users/teixemi2/.m2/repository/io/github/classgraph/classgraph/4.8.172/classgraph-4.8.172.jar:/Users/teixemi2/.m2/repository/com/github/ajalt/mordant/1.2.1/mordant-1.2.1.jar:/Users/teixemi2/.m2/repository/com/github/ajalt/colormath/1.2.0/colormath-1.2.0.jar:/Users/teixemi2/.m2/repository/org/opentest4j/opentest4j/1.3.0/opentest4j-1.3.0.jar:/Users/teixemi2/.m2/repository/org/jetbrains/kotlinx/kotlinx-coroutines-debug/1.8.0/kotlinx-coroutines-debug-1.8.0.jar:/Users/teixemi2/.m2/repository/net/java/dev/jna/jna/5.9.0/jna-5.9.0.jar:/Users/teixemi2/.m2/repository/net/java/dev/jna/jna-platform/5.9.0/jna-platform-5.9.0.jar:/Users/teixemi2/.m2/repository/net/bytebuddy/byte-buddy/1.10.9/byte-buddy-1.10.9.jar:/Users/teixemi2/.m2/repository/net/bytebuddy/byte-buddy-agent/1.10.9/byte-buddy-agent-1.10.9.jar:/Users/teixemi2/.m2/repository/io/kotest/kotest-framework-discovery-jvm/5.9.1/kotest-framework-discovery-jvm-5.9.1.jar:/Users/teixemi2/.m2/repository/io/kotest/kotest-assertions-core-jvm/5.9.1/kotest-assertions-core-jvm-5.9.1.jar:/Users/teixemi2/.m2/repository/org/jetbrains/kotlinx/kotlinx-coroutines-jdk8/1.8.0/kotlinx-coroutines-jdk8-1.8.0.jar:/Users/teixemi2/.m2/repository/io/kotest/kotest-assertions-api-jvm/5.9.1/kotest-assertions-api-jvm-5.9.1.jar:/Users/teixemi2/.m2/repository/io/kotest/kotest-extensions-jvm/5.9.1/kotest-extensions-jvm-5.9.1.jar:/Users/teixemi2/.m2/repository/io/kotest/kotest-framework-concurrency-jvm/5.9.1/kotest-framework-concurrency-jvm-5.9.1.jar:/Users/teixemi2/.m2/repository/org/jetbrains/kotlinx/kotlinx-coroutines-core-jvm/1.8.0/kotlinx-coroutines-core-jvm-1.8.0.jar:/Users/teixemi2/.m2/repository/org/jetbrains/annotations/23.0.0/annotations-23.0.0.jar:/Users/teixemi2/.m2/repository/org/junit/platform/junit-platform-engine/1.8.2/junit-platform-engine-1.8.2.jar:/Users/teixemi2/.m2/repository/org/junit/platform/junit-platform-commons/1.8.2/junit-platform-commons-1.8.2.jar:/Users/teixemi2/.m2/repository/org/apiguardian/apiguardian-api/1.1.2/apiguardian-api-1.1.2.jar:/Users/teixemi2/.m2/repository/org/junit/platform/junit-platform-suite-api/1.8.2/junit-platform-suite-api-1.8.2.jar:/Users/teixemi2/.m2/repository/org/junit/platform/junit-platform-launcher/1.8.2/junit-platform-launcher-1.8.2.jar:/Users/teixemi2/.m2/repository/org/junit/jupiter/junit-jupiter-api/5.8.2/junit-jupiter-api-5.8.2.jar:/Users/teixemi2/.m2/repository/org/jetbrains/kotlin/kotlin-stdlib/1.9.23/kotlin-stdlib-1.9.23.jar:/Users/teixemi2/.m2/repository/org/jetbrains/kotlin/kotlin-reflect/1.9.23/kotlin-reflect-1.9.23.jar:/Users/teixemi2/.m2/repository/io/kotest/kotest-framework-datatest/5.9.1/kotest-framework-datatest-5.9.1.jar:/Users/teixemi2/.m2/repository/io/kotest/kotest-framework-datatest-jvm/5.9.1/kotest-framework-datatest-jvm-5.9.1.jar:/Users/teixemi2/.m2/repository/io/kotest/extensions/kotest-extensions-allure/1.4.0/kotest-extensions-allure-1.4.0.jar:/Users/teixemi2/.m2/repository/io/qameta/allure/allure-java-commons/2.24.0/allure-java-commons-2.24.0.jar:/Users/teixemi2/.m2/repository/org/slf4j/slf4j-api/1.7.36/slf4j-api-1.7.36.jar:/Users/teixemi2/.m2/repository/io/qameta/allure/allure-model/2.24.0/allure-model-2.24.0.jar:/Users/teixemi2/.m2/repository/javax/xml/bind/jaxb-api/2.3.1/jaxb-api-2.3.1.jar:/Users/teixemi2/.m2/repository/javax/activation/javax.activation-api/1.2.0/javax.activation-api-1.2.0.jar:/Users/teixemi2/.m2/repository/com/sun/xml/bind/jaxb-core/4.0.4/jaxb-core-4.0.4.jar:/Users/teixemi2/.m2/repository/jakarta/xml/bind/jakarta.xml.bind-api/4.0.1/jakarta.xml.bind-api-4.0.1.jar:/Users/teixemi2/.m2/repository/jakarta/activation/jakarta.activation-api/2.1.2/jakarta.activation-api-2.1.2.jar:/Users/teixemi2/.m2/repository/org/eclipse/angus/angus-activation/2.0.1/angus-activation-2.0.1.jar:/Users/teixemi2/.m2/repository/com/sun/xml/bind/jaxb-impl/4.0.4/jaxb-impl-4.0.4.jar:/Users/teixemi2/.m2/repository/org/jetbrains/kotlin/kotlin-stdlib-jdk8/1.9.23/kotlin-stdlib-jdk8-1.9.23.jar:/Users/teixemi2/.m2/repository/org/jetbrains/kotlin/kotlin-stdlib-jdk7/1.9.23/kotlin-stdlib-jdk7-1.9.23.jar:/Users/teixemi2/.m2/repository/org/jetbrains/kotlin/kotlin-test/1.9.23/kotlin-test-1.9.23.jar:"/>
    <property name="sun.cpu.endian" value="little"/>
    <property name="user.home" value="/Users/teixemi2"/>
    <property name="user.language" value="en"/>
    <property name="java.specification.vendor" value="Oracle Corporation"/>
    <property name="java.version.date" value="2024-07-16"/>
    <property name="java.home" value="/opt/homebrew/Cellar/openjdk@17/17.0.12/libexec/openjdk.jdk/Contents/Home"/>
    <property name="file.separator" value="/"/>
    <property name="basedir" value="/Users/teixemi2/ondeck/kotest-allure-maven"/>
    <property name="java.vm.compressedOopsMode" value="Zero based"/>
    <property name="line.separator" value="&#10;"/>
    <property name="java.vm.specification.vendor" value="Oracle Corporation"/>
    <property name="java.specification.name" value="Java Platform API Specification"/>
    <property name="surefire.real.class.path" value="/Users/teixemi2/ondeck/kotest-allure-maven/target/surefire/surefirebooter-20240925161408459_3.jar"/>
    <property name="sun.management.compiler" value="HotSpot 64-Bit Tiered Compilers"/>
    <property name="java.runtime.version" value="17.0.12+0"/>
    <property name="user.name" value="teixemi2"/>
    <property name="path.separator" value=":"/>
    <property name="os.version" value="14.6.1"/>
    <property name="java.runtime.name" value="OpenJDK Runtime Environment"/>
    <property name="file.encoding" value="UTF-8"/>
    <property name="java.vm.name" value="OpenJDK 64-Bit Server VM"/>
    <property name="java.vendor.version" value="Homebrew"/>
    <property name="localRepository" value="/Users/teixemi2/.m2/repository"/>
    <property name="java.vendor.url.bug" value="https://github.com/Homebrew/homebrew-core/issues"/>
    <property name="java.io.tmpdir" value="/var/folders/h6/1_62hwjx3rv0sk_zg30lqwyw0000gn/T/"/>
    <property name="java.version" value="17.0.12"/>
    <property name="user.dir" value="/Users/teixemi2/ondeck/kotest-allure-maven"/>
    <property name="os.arch" value="aarch64"/>
    <property name="java.vm.specification.name" value="Java Virtual Machine Specification"/>
    <property name="native.encoding" value="UTF-8"/>
    <property name="java.library.path" value="/Users/teixemi2/Library/Java/Extensions:/Library/Java/Extensions:/Network/Library/Java/Extensions:/System/Library/Java/Extensions:/usr/lib/java:."/>
    <property name="java.vm.info" value="mixed mode, sharing"/>
    <property name="java.vendor" value="Homebrew"/>
    <property name="java.vm.version" value="17.0.12+0"/>
    <property name="sun.io.unicode.encoding" value="UnicodeBig"/>
    <property name="java.class.version" value="61.0"/>
  </properties>
  <testcase name="" classname="com.sksamuel.kotest.example.allure.SquareTest" time="0.004"/>
  <testcase name="" classname="com.sksamuel.kotest.example.allure.SquareTest" time="0.008"/>
</testsuite>